<?xml version="1.0" encoding="UTF-8"?>
<!-- Generated by org.testng.reporters.JUnitReportReporter -->
<testsuite skipped="0" hostname="DESKTOP-GH1H0ER" name="tests.AccountTest" tests="2" failures="0" timestamp="2023-06-25T12:34:36 IDT" time="8.469" errors="0">
  <testcase name="open_account" time="4.291" classname="tests.AccountTest"/>
  <system-out/>
  <testcase name="filling_form" time="4.178" classname="tests.AccountTest"/>
  <system-out/>
</testsuite> <!-- tests.AccountTest -->
