<?xml version="1.0" encoding="UTF-8"?>
<!-- Generated by org.testng.reporters.JUnitReportReporter -->
<testsuite skipped="0" hostname="DESKTOP-GH1H0ER" name="tests.SearchAllTest" tests="2" failures="0" timestamp="2023-06-25T12:34:36 IDT" time="8.192" errors="0">
  <testcase name="open_searchall" time="4.583" classname="tests.SearchAllTest"/>
  <system-out/>
  <testcase name="search_result" time="3.609" classname="tests.SearchAllTest"/>
  <system-out/>
</testsuite> <!-- tests.SearchAllTest -->
