<?xml version="1.0" encoding="UTF-8"?>
<!-- Generated by org.testng.reporters.JUnitReportReporter -->
<testsuite skipped="0" hostname="DESKTOP-GH1H0ER" name="tests.ViewMyFormsFilterTest" tests="1" failures="0" timestamp="2023-06-25T12:34:36 IDT" time="7.071" errors="0">
  <testcase name="return_result" time="7.071" classname="tests.ViewMyFormsFilterTest"/>
  <system-out/>
</testsuite> <!-- tests.ViewMyFormsFilterTest -->
