<?xml version="1.0" encoding="UTF-8"?>
<!-- Generated by org.testng.reporters.JUnitReportReporter -->
<testsuite skipped="0" hostname="DESKTOP-GH1H0ER" name="tests.NewEventTest" tests="1" failures="0" timestamp="2023-06-25T12:34:36 IDT" time="11.651" errors="0">
  <testcase name="createNewEvent" time="11.651" classname="tests.NewEventTest"/>
  <system-out/>
</testsuite> <!-- tests.NewEventTest -->
