<?xml version="1.0" encoding="UTF-8"?>
<!-- Generated by org.testng.reporters.JUnitReportReporter -->
<testsuite skipped="0" hostname="DESKTOP-GH1H0ER" name="tests.ForgotPasswordTest" tests="2" failures="0" timestamp="2023-06-25T12:34:36 IDT" time="1.300" errors="0">
  <testcase name="forgotPassword_click" time="0.765" classname="tests.ForgotPasswordTest"/>
  <system-out/>
  <testcase name="Instructions" time="0.535" classname="tests.ForgotPasswordTest"/>
  <system-out/>
</testsuite> <!-- tests.ForgotPasswordTest -->
