<?xml version="1.0" encoding="UTF-8"?>
<!-- Generated by org.testng.reporters.JUnitReportReporter -->
<testsuite skipped="0" hostname="DESKTOP-GH1H0ER" name="tests.LoginTest" tests="2" failures="0" timestamp="2023-06-25T12:34:36 IDT" time="2.967" errors="0">
  <testcase name="login_failure" time="1.002" classname="tests.LoginTest"/>
  <system-out/>
  <testcase name="login_success" time="1.965" classname="tests.LoginTest"/>
  <system-out/>
</testsuite> <!-- tests.LoginTest -->
